2021-03-10 22:31:58 INFO: nxt.enableStackTraces = "true"
2021-03-10 22:31:58 INFO: nxt.enableLogTraceback = "false"
2021-03-10 22:31:58 INFO: logging enabled
2021-03-10 22:31:58 INFO: socksProxyHost not defined
2021-03-10 22:31:58 INFO: socksProxyPort not defined
2021-03-10 22:31:58 FINE: java.version = 1.8.0_221
2021-03-10 22:31:58 FINE: java.vm.version = 25.221-b11
2021-03-10 22:31:58 FINE: java.vm.name = Java HotSpot(TM) 64-Bit Server VM
2021-03-10 22:31:58 FINE: java.vendor = Oracle Corporation
2021-03-10 22:31:58 FINE: java.vm.vendor = Oracle Corporation
2021-03-10 22:31:58 FINE: java.home = /Library/Java/JavaVirtualMachines/jdk1.8.0_221.jdk/Contents/Home/jre
2021-03-10 22:31:58 FINE: java.library.path = /Users/ibnux/Library/Java/Extensions:/Library/Java/Extensions:/Network/Library/Java/Extensions:/System/Library/Java/Extensions:/usr/lib/java:.
2021-03-10 22:31:58 FINE: java.class.path = classes:lib/jetty-continuation-9.3.28.v20191105.jar:lib/lucene-core-5.5.5.jar:lib/slf4j-api-1.7.22.jar:lib/javapoet-1.11.0.jar:lib/tika-core-1.13.jar:lib/websocket-servlet-9.3.28.v20191105.jar:lib/websocket-api-9.3.28.v20191105.jar:lib/slf4j-jdk14-1.7.22.jar:lib/websocket-client-9.3.28.v20191105.jar:lib/javax.servlet-api-3.1.0.jar:lib/jetty-io-9.3.28.v20191105.jar:lib/websocket-common-9.3.28.v20191105.jar:lib/jetty-server-9.3.28.v20191105.jar:lib/jetty-util-9.3.28.v20191105.jar:lib/lucene-backward-codecs-5.5.5.jar:lib/jetty-servlets-9.3.28.v20191105.jar:lib/javase-3.3.0.jar:lib/json-simple-1.1.1.jar:lib/lucene-queryparser-5.5.5.jar:lib/jetty-servlet-9.3.28.v20191105.jar:lib/jetty-client-9.3.28.v20191105.jar:lib/lucene-analyzers-common-5.5.5.jar:lib/bcprov-jdk15on-160.jar:lib/tika-parsers-1.13.jar:lib/h2-1.4.200.jar:lib/jetty-http-9.3.28.v20191105.jar:lib/jetty-proxy-9.3.28.v20191105.jar:lib/lucene-queries-5.5.5.jar:lib/websocket-server-9.3.28.v20191105.jar:lib/core-3.3.0.jar:lib/weupnp-0.1.4.jar:lib/jetty-security-9.3.28.v20191105.jar:conf:addons/classes:addons/lib/*:javafx-sdk/lib/*
2021-03-10 22:31:58 FINE: os.arch = x86_64
2021-03-10 22:31:58 FINE: sun.arch.data.model = 64
2021-03-10 22:31:58 FINE: os.name = Mac OS X
2021-03-10 22:31:58 FINE: file.encoding = UTF-8
2021-03-10 22:31:58 FINE: java.security.policy = null
2021-03-10 22:31:58 FINE: java.security.manager = null
2021-03-10 22:31:58 FINE: nxt.runtime.mode = null
2021-03-10 22:31:58 FINE: nxt.runtime.dirProvider = null
2021-03-10 22:31:58 FINE: availableProcessors = 8
2021-03-10 22:31:58 FINE: maxMemory = 1908932608
2021-03-10 22:31:58 FINE: processId = 13336
2021-03-10 22:31:58 INFO: nxt.isTestnet = "false"
2021-03-10 22:31:58 INFO: nxt.isOffline = "false"
2021-03-10 22:31:58 INFO: nxt.isLightClient = "false"
2021-03-10 22:31:58 INFO: nxt.customLoginWarning not defined
2021-03-10 22:31:58 INFO: nxt.maxNumberOfTransactions not defined or not numeric, using default value 255
2021-03-10 22:31:58 INFO: nxt.maxRollback = "800"
2021-03-10 22:31:58 INFO: nxt.forgingDelay = "20"
2021-03-10 22:31:58 INFO: nxt.forgingSpeedup = "3"
2021-03-10 22:31:58 INFO: nxt.batchCommitSize = "100"
2021-03-10 22:31:58 INFO: nxt.maxPrunableLifetime = "7776000"
2021-03-10 22:31:58 INFO: nxt.includeExpiredPrunable = "true"
2021-03-10 22:31:58 INFO: nxt.correctInvalidFees = "false"
2021-03-10 22:31:58 INFO: nxt.disableFullTextSearch = "false"
2021-03-10 22:31:58 INFO: nxt.disableMetadataDetection = "false"
2021-03-10 22:31:58 INFO: nxt.statementLogThreshold = "10000"
2021-03-10 22:31:58 INFO: nxt.transactionLogThreshold = "15000"
2021-03-10 22:31:58 INFO: nxt.transactionLogInterval = "15"
2021-03-10 22:31:58 INFO: nxt.dbCacheKB = "0"
2021-03-10 22:31:58 INFO: nxt.dbUrl not defined
2021-03-10 22:31:58 INFO: nxt.dbType = "h2"
2021-03-10 22:31:58 INFO: nxt.dbDir = "./snd_db/nxt"
2021-03-10 22:31:58 INFO: nxt.dbParams = "DB_CLOSE_ON_EXIT=FALSE"
2021-03-10 22:31:58 INFO: nxt.dbUsername = "sa"
2021-03-10 22:31:58 INFO: nxt.dbPassword = "{not logged}"
2021-03-10 22:31:58 INFO: nxt.maxDbConnections = "30"
2021-03-10 22:31:58 INFO: nxt.dbLoginTimeout = "70"
2021-03-10 22:31:58 INFO: nxt.dbDefaultLockTimeout = "60"
2021-03-10 22:31:58 INFO: nxt.dbMaxMemoryRows = "1000000"
2021-03-10 22:31:58 FINE: Database jdbc url set to jdbc:h2:./snd_db/nxt;DB_CLOSE_ON_EXIT=FALSE;CACHE_SIZE=262144 username sa
2021-03-10 22:31:58 INFO: nxt.connectionPoolImpl = "nxt.db.pool.H2ConnectionPool"
2021-03-10 22:31:58 INFO: nxt.useStrongSecureRandom = "false"
2021-03-10 22:32:04 FINE: Database connection pool current size: 1
2021-03-10 22:32:04 INFO: Database update may take a while if needed, current db version 250...
2021-03-10 22:32:04 INFO: nxt.enableTransactionRebroadcasting = "true"
2021-03-10 22:32:04 INFO: nxt.testUnconfirmedTransactions not defined, using default false
2021-03-10 22:32:04 INFO: nxt.maxUnconfirmedTransactions = "2000"
2021-03-10 22:32:05 INFO: nxt.trimDerivedTables = "true"
2021-03-10 22:32:05 INFO: nxt.numberOfForkConfirmations = "0"
2021-03-10 22:32:05 INFO: nxt.simulateEndlessDownload not defined, using default false
2021-03-10 22:32:05 INFO: nxt.trimFrequency = "1000"
2021-03-10 22:32:05 INFO: nxt.stopDownloadHeight not defined or not numeric, using default value 0
2021-03-10 22:32:05 INFO: nxt.disableGetMoreBlocksThread not defined, using default false
2021-03-10 22:32:05 INFO: nxt.trimFrequencyMultiplier.unconfirmed_transaction not defined or not numeric, using default value 1
2021-03-10 22:32:05 INFO: nxt.disableProcessTransactionsThread not defined, using default false
2021-03-10 22:32:05 INFO: nxt.disableRebroadcastTransactionsThread not defined, using default false
2021-03-10 22:32:05 INFO: nxt.disableRemoveUnconfirmedTransactionsThread not defined, using default false
2021-03-10 22:32:05 INFO: nxt.disableProcessWaitingTransactionsThread not defined, using default false
2021-03-10 22:32:05 INFO: nxt.trimFrequencyMultiplier.account not defined or not numeric, using default value 1
2021-03-10 22:32:05 INFO: nxt.trimFrequencyMultiplier.account_lease not defined or not numeric, using default value 1
2021-03-10 22:32:05 INFO: nxt.trimFrequencyMultiplier.account_info not defined or not numeric, using default value 1
2021-03-10 22:32:05 INFO: nxt.trimFrequencyMultiplier.public_key = "5"
2021-03-10 22:32:05 INFO: nxt.trimFrequencyMultiplier.account_asset not defined or not numeric, using default value 1
2021-03-10 22:32:05 INFO: nxt.trimFrequencyMultiplier.account_currency not defined or not numeric, using default value 1
2021-03-10 22:32:05 INFO: nxt.trimFrequencyMultiplier.account_property not defined or not numeric, using default value 1
2021-03-10 22:32:05 INFO: nxt.enablePublicKeyCache = "true"
2021-03-10 22:32:05 INFO: nxt.trimFrequencyMultiplier.account_control_phasing not defined or not numeric, using default value 1
2021-03-10 22:32:05 INFO: nxt.ledgerTrimKeep = "30000"
2021-03-10 22:32:05 INFO: nxt.ledgerAccounts = "*"
2021-03-10 22:32:05 INFO: Account ledger is tracking all accounts
2021-03-10 22:32:05 INFO: nxt.ledgerLogUnconfirmed = "2"
2021-03-10 22:32:05 INFO: nxt.trimFrequencyMultiplier.alias = "5"
2021-03-10 22:32:05 INFO: nxt.trimFrequencyMultiplier.alias_offer not defined or not numeric, using default value 1
2021-03-10 22:32:05 INFO: nxt.trimFrequencyMultiplier.asset not defined or not numeric, using default value 1
2021-03-10 22:32:05 INFO: nxt.trimFrequencyMultiplier.asset_property not defined or not numeric, using default value 1
2021-03-10 22:32:05 INFO: nxt.trimFrequencyMultiplier.tag not defined or not numeric, using default value 1
2021-03-10 22:32:05 INFO: nxt.trimFrequencyMultiplier.goods not defined or not numeric, using default value 1
2021-03-10 22:32:05 INFO: nxt.trimFrequencyMultiplier.purchase not defined or not numeric, using default value 1
2021-03-10 22:32:05 INFO: nxt.trimFrequencyMultiplier.purchase_feedback not defined or not numeric, using default value 1
2021-03-10 22:32:05 INFO: nxt.trimFrequencyMultiplier.purchase_public_feedback not defined or not numeric, using default value 1
2021-03-10 22:32:05 INFO: nxt.trimFrequencyMultiplier.ask_order not defined or not numeric, using default value 1
2021-03-10 22:32:05 INFO: nxt.trimFrequencyMultiplier.bid_order not defined or not numeric, using default value 1
2021-03-10 22:32:05 INFO: nxt.processPolls = "true"
2021-03-10 22:32:05 INFO: nxt.trimFrequencyMultiplier.poll not defined or not numeric, using default value 1
2021-03-10 22:32:05 INFO: nxt.trimFrequencyMultiplier.poll_result not defined or not numeric, using default value 1
2021-03-10 22:32:05 INFO: nxt.trimFrequencyMultiplier.phasing_poll not defined or not numeric, using default value 1
2021-03-10 22:32:05 INFO: nxt.trimFrequencyMultiplier.phasing_poll_voter not defined or not numeric, using default value 1
2021-03-10 22:32:05 INFO: nxt.trimFrequencyMultiplier.phasing_poll_linked_transaction not defined or not numeric, using default value 1
2021-03-10 22:32:05 INFO: nxt.trimFrequencyMultiplier.phasing_poll_result not defined or not numeric, using default value 1
2021-03-10 22:32:05 INFO: nxt.trimFrequencyMultiplier.trade not defined or not numeric, using default value 1
2021-03-10 22:32:05 INFO: nxt.trimFrequencyMultiplier.asset_transfer not defined or not numeric, using default value 1
2021-03-10 22:32:05 INFO: nxt.trimFrequencyMultiplier.asset_history not defined or not numeric, using default value 1
2021-03-10 22:32:05 INFO: nxt.trimFrequencyMultiplier.asset_dividend not defined or not numeric, using default value 1
2021-03-10 22:32:05 INFO: nxt.deleteProcessedVotes = "true"
2021-03-10 22:32:05 INFO: nxt.trimFrequencyMultiplier.vote not defined or not numeric, using default value 1
2021-03-10 22:32:05 INFO: nxt.trimFrequencyMultiplier.phasing_vote not defined or not numeric, using default value 1
2021-03-10 22:32:05 INFO: nxt.trimFrequencyMultiplier.currency not defined or not numeric, using default value 1
2021-03-10 22:32:05 INFO: nxt.trimFrequencyMultiplier.currency_supply not defined or not numeric, using default value 1
2021-03-10 22:32:05 INFO: nxt.trimFrequencyMultiplier.buy_offer not defined or not numeric, using default value 1
2021-03-10 22:32:05 INFO: nxt.trimFrequencyMultiplier.sell_offer not defined or not numeric, using default value 1
2021-03-10 22:32:05 INFO: nxt.trimFrequencyMultiplier.currency_founder not defined or not numeric, using default value 1
2021-03-10 22:32:05 INFO: nxt.trimFrequencyMultiplier.currency_mint not defined or not numeric, using default value 1
2021-03-10 22:32:05 INFO: nxt.trimFrequencyMultiplier.currency_transfer not defined or not numeric, using default value 1
2021-03-10 22:32:05 INFO: nxt.trimFrequencyMultiplier.exchange not defined or not numeric, using default value 1
2021-03-10 22:32:05 INFO: nxt.trimFrequencyMultiplier.exchange_request not defined or not numeric, using default value 1
2021-03-10 22:32:05 INFO: nxt.deleteFinishedShufflings = "false"
2021-03-10 22:32:05 INFO: nxt.trimFrequencyMultiplier.shuffling not defined or not numeric, using default value 1
2021-03-10 22:32:05 INFO: nxt.trimFrequencyMultiplier.shuffling_participant not defined or not numeric, using default value 1
2021-03-10 22:32:05 INFO: nxt.trimFrequencyMultiplier.shuffling_data not defined or not numeric, using default value 1
2021-03-10 22:32:06 INFO: nxt.trimFrequencyMultiplier.prunable_message not defined or not numeric, using default value 1
2021-03-10 22:32:06 INFO: nxt.trimFrequencyMultiplier.tagged_data not defined or not numeric, using default value 1
2021-03-10 22:32:06 INFO: nxt.trimFrequencyMultiplier.tagged_data_timestamp not defined or not numeric, using default value 1
2021-03-10 22:32:06 INFO: nxt.trimFrequencyMultiplier.tagged_data_extend not defined or not numeric, using default value 1
2021-03-10 22:32:06 INFO: nxt.trimFrequencyMultiplier.data_tag not defined or not numeric, using default value 1
2021-03-10 22:32:06 INFO: nxt.maxPeerRequestSize not defined or not numeric, using default value 1048576
2021-03-10 22:32:06 INFO: nxt.maxPeerResponseSize not defined or not numeric, using default value 1048576
2021-03-10 22:32:06 INFO: nxt.maxPeerMessageSize not defined or not numeric, using default value 10485760
2021-03-10 22:32:06 INFO: nxt.hideErrorDetails = "false"
2021-03-10 22:32:06 INFO: nxt.myPlatform not defined
2021-03-10 22:32:06 INFO: nxt.myAddress not defined
2021-03-10 22:32:06 INFO: nxt.peerServerPort = "7862"
2021-03-10 22:32:06 INFO: nxt.shareMyAddress = "true"
2021-03-10 22:32:06 INFO: nxt.enablePeerUPnP = "true"
2021-03-10 22:32:06 INFO: nxt.myHallmark not defined
2021-03-10 22:32:06 INFO: nxt.adminPassword = "{not logged}"
2021-03-10 22:32:06 INFO: nxt.maxAPIRecords = "100"
2021-03-10 22:32:06 INFO: nxt.enableAPIUPnP = "false"
2021-03-10 22:32:06 INFO: nxt.apiServerIdleTimeout = "30000"
2021-03-10 22:32:06 INFO: nxt.apiServerCORS = "true"
2021-03-10 22:32:06 INFO: nxt.forwardedForHeader not defined
2021-03-10 22:32:06 INFO: nxt.allowedBotHosts = "127.0.0.1; localhost; [0:0:0:0:0:0:0:1];"
2021-03-10 22:32:06 INFO: nxt.enableAPIServer = "true"
2021-03-10 22:32:06 INFO: nxt.apiServerPort = "7863"
2021-03-10 22:32:06 INFO: nxt.apiServerSSLPort = "7876"
2021-03-10 22:32:06 INFO: nxt.apiServerHost = "0.0.0.0"
2021-03-10 22:32:06 INFO: nxt.disableAdminPassword = "false"
2021-03-10 22:32:06 INFO: nxt.apiSSL = "false"
2021-03-10 22:32:06 INFO: API server using HTTP port 7863
2021-03-10 22:32:06 INFO: nxt.apiResourceBase = "./html/www"
2021-03-10 22:32:06 INFO: nxt.apiWelcomeFile = "index.html"
2021-03-10 22:32:06 INFO: nxt.javadocResourceBase = "./html/doc"
2021-03-10 22:32:06 INFO: nxt.maxUploadFileSize not defined or not numeric, using default value 0
2021-03-10 22:32:06 INFO: nxt.maxUploadFileSize not defined or not numeric, using default value 0
2021-03-10 22:32:06 INFO: nxt.enableAPIServerGZIPFilter not defined, using default false
2021-03-10 22:32:06 INFO: nxt.apiFrameOptionsSameOrigin = "true"
2021-03-10 22:32:06 INFO: nxt.apiCustomSetupImpl not defined
2021-03-10 22:32:06 FINE: My peer info:
{"application":"SundaCoin","services":"0","version":"1.12.2","platform":"Mac OS X x86_64","shareAddress":true}
2021-03-10 22:32:06 INFO: nxt.defaultPeers not defined
2021-03-10 22:32:06 INFO: nxt.wellKnownPeers not defined
2021-03-10 22:32:06 INFO: nxt.knownBlacklistedPeers not defined
2021-03-10 22:32:06 INFO: nxt.maxNumberOfInboundConnections = "2000"
2021-03-10 22:32:06 INFO: nxt.maxNumberOfOutboundConnections = "50"
2021-03-10 22:32:06 INFO: nxt.maxNumberOfConnectedPublicPeers = "20"
2021-03-10 22:32:06 INFO: nxt.maxNumberOfKnownPeers = "2000"
2021-03-10 22:32:06 INFO: nxt.minNumberOfKnownPeers = "1000"
2021-03-10 22:32:06 INFO: nxt.connectTimeout = "10000"
2021-03-10 22:32:06 INFO: nxt.readTimeout = "20000"
2021-03-10 22:32:06 INFO: nxt.enableHallmarkProtection = "true"
2021-03-10 22:32:06 INFO: nxt.pushThreshold = "0"
2021-03-10 22:32:06 INFO: nxt.pullThreshold = "0"
2021-03-10 22:32:06 INFO: nxt.useWebSockets = "true"
2021-03-10 22:32:06 INFO: nxt.webSocketIdleTimeout = "900000"
2021-03-10 22:32:06 INFO: nxt.enablePeerServerGZIPFilter = "true"
2021-03-10 22:32:06 INFO: nxt.blacklistingPeriod = "600000"
2021-03-10 22:32:06 INFO: nxt.communicationLoggingMask = "0"
2021-03-10 22:32:06 INFO: nxt.sendToPeersLimit = "10"
2021-03-10 22:32:06 INFO: nxt.usePeersDb = "true"
2021-03-10 22:32:06 INFO: nxt.savePeers = "true"
2021-03-10 22:32:06 INFO: nxt.getMorePeers = "true"
2021-03-10 22:32:06 INFO: nxt.cjdnsOnly = "false"
2021-03-10 22:32:06 INFO: nxt.ignorePeerAnnouncedAddress = "false"
2021-03-10 22:32:06 INFO: Using a proxy, will not create outbound websockets.
2021-03-10 22:32:06 INFO: nxt.disablePeerConnectingThread not defined, using default false
2021-03-10 22:32:06 INFO: nxt.disablePeerUnBlacklistingThread not defined, using default false
2021-03-10 22:32:06 INFO: nxt.disableGetMorePeersThread not defined, using default false
2021-03-10 22:32:06 INFO: nxt.peerServerHost = "127.0.0.1"
2021-03-10 22:32:06 INFO: nxt.peerServerIdleTimeout = "30000"
2021-03-10 22:32:06 INFO: nxt.enablePeerServerDoSFilter = "true"
2021-03-10 22:32:06 INFO: nxt.peerServerDoSFilter.maxRequestsPerSec = "30"
2021-03-10 22:32:06 INFO: nxt.peerServerDoSFilter.delayMs = "1000"
2021-03-10 22:32:06 INFO: nxt.peerServerDoSFilter.maxRequestMs = "300000"
2021-03-10 22:32:06 INFO: nxt.enableAPIProxy = "true"
2021-03-10 22:32:06 INFO: nxt.apiProxyBlacklistingPeriod = "7200"
2021-03-10 22:32:06 INFO: nxt.forceAPIProxyServerURL not defined
2021-03-10 22:32:07 INFO: nxt.disableAPIProxyPeersUpdateThread not defined, using default false
2021-03-10 22:32:07 INFO: nxt.proxyBootstrapNodes not defined
2021-03-10 22:32:08 INFO: nxt.maxNumberOfForgers = "100"
2021-03-10 22:32:08 INFO: nxt.enableFakeForging not defined, using default false
2021-03-10 22:32:08 INFO: nxt.disableGenerateBlocksThread not defined, using default false
2021-03-10 22:32:08 INFO: nxt.addOns not defined
2021-03-10 22:32:08 INFO: nxt.disabledAPIs not defined
2021-03-10 22:32:08 INFO: nxt.disabledAPITags not defined
2021-03-10 22:32:08 INFO: nxt.debugTraceQuote = """
2021-03-10 22:32:08 INFO: nxt.debugTraceSeparator = "	"
2021-03-10 22:32:08 INFO: nxt.debugLogUnconfirmed = "false"
2021-03-10 22:32:08 INFO: nxt.debugTraceAccounts not defined
2021-03-10 22:32:08 INFO: nxt.debugTraceLog = "nxt-trace.csv"
2021-03-10 22:32:08 FINE: Running 2 tasks...
2021-03-10 22:32:08 FINE: Loading known peers from the database...
2021-03-10 22:32:08 INFO: Genesis block already in database
2021-03-10 22:32:08 FINE: Rollback from block 2681781336945793340 at height 0 to 2681781336945793340 at 0
2021-03-10 22:32:09 FINE: Average database transaction time is 1.625 seconds
2021-03-10 22:32:09 INFO: Last block height: 0
2021-03-10 22:32:09 INFO: nxt.forceScan = "false"
2021-03-10 22:32:09 FINE: Running 3 final tasks...
2021-03-10 22:32:09 INFO: nxt.apiServerEnforcePOST = "true"
2021-03-10 22:32:09 INFO: nxt.apiFixResponseContentType = "false"
2021-03-10 22:32:09 INFO: Looking for UPnP gateway device...
2021-03-10 22:32:09 INFO: nxt.upnpGatewayTimeout not defined or not numeric, using default value 7000
2021-03-10 22:32:09 INFO: nxt.upnpDiscoverTimeout not defined or not numeric, using default value 3000
2021-03-10 22:32:10 FINE: UPnP gateway device found on 192.168.10.218
2021-03-10 22:32:10 FINE: Using UPnP gateway device on 192.168.10.218
2021-03-10 22:32:10 INFO: External IP address is 192.168.1.2
2021-03-10 22:32:10 FINE: Mapped port [192.168.1.2]:7862
2021-03-10 22:32:10 FINE: Start trusted proxy bootstrap
2021-03-10 22:32:10 INFO: Started API server at 0.0.0.0:7863
2021-03-10 22:32:10 FINE: Trusted proxy bootstrap failed
2021-03-10 22:32:10 INFO: Started peer networking server at 127.0.0.1:7862
2021-03-10 22:32:10 FINE: Starting 10 background jobs
2021-03-10 22:32:10 FINE: Starting 2 delayed tasks
2021-03-10 22:32:10 FINE: Known peers: 0
2021-03-10 22:32:10 FINE: Database connection pool current size: 2
2021-03-10 22:32:10 INFO: Initialization took 12 seconds
2021-03-10 22:32:10 INFO: SundaCoin server 1.12.2 started successfully.
2021-03-10 22:32:10 INFO: Copyright © 2013-2016 The Nxt Core Developers.
2021-03-10 22:32:10 INFO: Copyright © 2016-2020 Jelurida IP B.V.
2021-03-10 22:32:10 INFO: Distributed under the Jelurida Public License version 1.2 for the Nxt Public Blockchain Platform, with ABSOLUTELY NO WARRANTY.
2021-03-10 22:32:10 INFO: Client UI is at http://localhost:7863/index.html
2021-03-10 23:02:08 INFO: Shutting down...
2021-03-10 23:02:08 INFO: nxt.maxNumberOfMonitors = "100"
2021-03-10 23:02:08 INFO: Stopping background jobs...
2021-03-10 23:02:08 INFO: shutting down scheduledThreadPool
2021-03-10 23:02:08 INFO: ...Done
2021-03-10 23:02:08 INFO: shutting down networkService
2021-03-10 23:02:09 FINE: Mapping deleted for port 7862
2021-03-10 23:02:09 INFO: shutting down sendingService
2021-03-10 23:02:09 INFO: shutting down peersService
2021-03-10 23:02:09 INFO: nxt.disableCompactOnShutdown = "false"
2021-03-10 23:02:09 INFO: Shutting down with compacting...
2021-03-10 23:02:28 INFO: Database shutdown completed
2021-03-10 23:02:28 INFO: SundaCoin server 1.12.2 stopped.
